[debug] [2022-06-23T07:41:21.615Z] ----------------------------------------------------------------------
[debug] [2022-06-23T07:41:21.624Z] Command:       C:\Program Files\nodejs\node.exe C:\Users\user\AppData\Roaming\npm\node_modules\firebase-tools\lib\bin\firebase.js login
[debug] [2022-06-23T07:41:21.625Z] CLI Version:   11.1.0
[debug] [2022-06-23T07:41:21.625Z] Platform:      win32
[debug] [2022-06-23T07:41:21.625Z] Node Version:  v16.13.0
[debug] [2022-06-23T07:41:21.698Z] Time:          Thu Jun 23 2022 13:11:21 GMT+0530 (India Standard Time)
[debug] [2022-06-23T07:41:21.699Z] ----------------------------------------------------------------------
[debug] 
[debug] [2022-06-23T07:41:21.711Z] >>> [apiv2][query] GET https://firebase-public.firebaseio.com/cli.json [none]
[info] i  Firebase optionally collects CLI usage and error reporting information to help improve our products. Data is collected in accordance with Google's privacy policy (https://policies.google.com/privacy) and is not used to identify you.
 
[debug] [2022-06-23T07:41:22.661Z] <<< [apiv2][status] GET https://firebase-public.firebaseio.com/cli.json 200
[debug] [2022-06-23T07:41:22.662Z] <<< [apiv2][body] GET https://firebase-public.firebaseio.com/cli.json {"cloudBuildErrorAfter":1594252800000,"cloudBuildWarnAfter":1590019200000,"defaultNode10After":1594252800000,"minVersion":"3.0.5","node8DeploysDisabledAfter":1613390400000,"node8RuntimeDisabledAfter":1615809600000,"node8WarnAfter":1600128000000}
[info] 
[info] Visit this URL on this device to log in:
[info] https://accounts.google.com/o/oauth2/auth?client_id=563584335869-fgrhgmd47bqnekij5i8b5pr03ho849e6.apps.googleusercontent.com&scope=email%20openid%20https%3A%2F%2Fwww.googleapis.com%2Fauth%2Fcloudplatformprojects.readonly%20https%3A%2F%2Fwww.googleapis.com%2Fauth%2Ffirebase%20https%3A%2F%2Fwww.googleapis.com%2Fauth%2Fcloud-platform&response_type=code&state=798486128&redirect_uri=http%3A%2F%2Flocalhost%3A9005
[info] 
[info] Waiting for authentication...
[debug] [2022-06-23T07:45:42.721Z] ----------------------------------------------------------------------
[debug] [2022-06-23T07:45:42.723Z] Command:       C:\Program Files\nodejs\node.exe C:\Users\user\AppData\Roaming\npm\node_modules\firebase-tools\lib\bin\firebase.js login
[debug] [2022-06-23T07:45:42.724Z] CLI Version:   11.1.0
[debug] [2022-06-23T07:45:42.724Z] Platform:      win32
[debug] [2022-06-23T07:45:42.724Z] Node Version:  v16.13.0
[debug] [2022-06-23T07:45:42.727Z] Time:          Thu Jun 23 2022 13:15:42 GMT+0530 (India Standard Time)
[debug] [2022-06-23T07:45:42.728Z] ----------------------------------------------------------------------
[debug] 
[info] i  Firebase optionally collects CLI usage and error reporting information to help improve our products. Data is collected in accordance with Google's privacy policy (https://policies.google.com/privacy) and is not used to identify you.
 
[info] 
[info] Visit this URL on this device to log in:
[info] https://accounts.google.com/o/oauth2/auth?client_id=563584335869-fgrhgmd47bqnekij5i8b5pr03ho849e6.apps.googleusercontent.com&scope=email%20openid%20https%3A%2F%2Fwww.googleapis.com%2Fauth%2Fcloudplatformprojects.readonly%20https%3A%2F%2Fwww.googleapis.com%2Fauth%2Ffirebase%20https%3A%2F%2Fwww.googleapis.com%2Fauth%2Fcloud-platform&response_type=code&state=210269104&redirect_uri=http%3A%2F%2Flocalhost%3A9005
[info] 
[info] Waiting for authentication...
